D:\Projects\Gov-Lilia-Nanay-Pineda\.htaccess
D:\Projects\Gov-Lilia-Nanay-Pineda\api\.htaccess
D:\Projects\Gov-Lilia-Nanay-Pineda\api\index.php
D:\Projects\Gov-Lilia-Nanay-Pineda\composer.json
D:\Projects\Gov-Lilia-Nanay-Pineda\controllers\ApiController.php
D:\Projects\Gov-Lilia-Nanay-Pineda\controllers\CategoriesController.php
D:\Projects\Gov-Lilia-Nanay-Pineda\controllers\ControllerBase.php
D:\Projects\Gov-Lilia-Nanay-Pineda\controllers\OthersController.php
D:\Projects\Gov-Lilia-Nanay-Pineda\controllers\PoliticalJourneyController.php
D:\Projects\Gov-Lilia-Nanay-Pineda\controllers\ProjectStatsController.php
D:\Projects\Gov-Lilia-Nanay-Pineda\controllers\ProjectsController.php
D:\Projects\Gov-Lilia-Nanay-Pineda\controllers\UserLevelsController.php
D:\Projects\Gov-Lilia-Nanay-Pineda\controllers\UserPermissionsController.php
D:\Projects\Gov-Lilia-Nanay-Pineda\controllers\UsersController.php
D:\Projects\Gov-Lilia-Nanay-Pineda\css\ewpdf.scss
D:\Projects\Gov-Lilia-Nanay-Pineda\css\project2.scss
D:\Projects\Gov-Lilia-Nanay-Pineda\css\query-builder.scss
D:\Projects\Gov-Lilia-Nanay-Pineda\css\tabulator_bootstrap5.scss
D:\Projects\Gov-Lilia-Nanay-Pineda\css\tempus-dominus.scss
D:\Projects\Gov-Lilia-Nanay-Pineda\files\index.html
D:\Projects\Gov-Lilia-Nanay-Pineda\index.php
D:\Projects\Gov-Lilia-Nanay-Pineda\js\eweditor.js
D:\Projects\Gov-Lilia-Nanay-Pineda\js\userevent.js
D:\Projects\Gov-Lilia-Nanay-Pineda\js\userfn.js
D:\Projects\Gov-Lilia-Nanay-Pineda\log\index.html
D:\Projects\Gov-Lilia-Nanay-Pineda\models\Categories.php
D:\Projects\Gov-Lilia-Nanay-Pineda\models\CategoriesAdd.php
D:\Projects\Gov-Lilia-Nanay-Pineda\models\CategoriesDelete.php
D:\Projects\Gov-Lilia-Nanay-Pineda\models\CategoriesEdit.php
D:\Projects\Gov-Lilia-Nanay-Pineda\models\CategoriesList.php
D:\Projects\Gov-Lilia-Nanay-Pineda\models\CategoriesView.php
D:\Projects\Gov-Lilia-Nanay-Pineda\models\Login.php
D:\Projects\Gov-Lilia-Nanay-Pineda\models\Logout.php
D:\Projects\Gov-Lilia-Nanay-Pineda\models\PersonalData.php
D:\Projects\Gov-Lilia-Nanay-Pineda\models\PoliticalJourney.php
D:\Projects\Gov-Lilia-Nanay-Pineda\models\PoliticalJourneyAdd.php
D:\Projects\Gov-Lilia-Nanay-Pineda\models\PoliticalJourneyDelete.php
D:\Projects\Gov-Lilia-Nanay-Pineda\models\PoliticalJourneyEdit.php
D:\Projects\Gov-Lilia-Nanay-Pineda\models\PoliticalJourneyList.php
D:\Projects\Gov-Lilia-Nanay-Pineda\models\PoliticalJourneyView.php
D:\Projects\Gov-Lilia-Nanay-Pineda\models\ProjectStats.php
D:\Projects\Gov-Lilia-Nanay-Pineda\models\ProjectStatsAdd.php
D:\Projects\Gov-Lilia-Nanay-Pineda\models\ProjectStatsDelete.php
D:\Projects\Gov-Lilia-Nanay-Pineda\models\ProjectStatsEdit.php
D:\Projects\Gov-Lilia-Nanay-Pineda\models\ProjectStatsList.php
D:\Projects\Gov-Lilia-Nanay-Pineda\models\ProjectStatsView.php
D:\Projects\Gov-Lilia-Nanay-Pineda\models\Projects.php
D:\Projects\Gov-Lilia-Nanay-Pineda\models\ProjectsAdd.php
D:\Projects\Gov-Lilia-Nanay-Pineda\models\ProjectsDelete.php
D:\Projects\Gov-Lilia-Nanay-Pineda\models\ProjectsEdit.php
D:\Projects\Gov-Lilia-Nanay-Pineda\models\ProjectsList.php
D:\Projects\Gov-Lilia-Nanay-Pineda\models\ProjectsView.php
D:\Projects\Gov-Lilia-Nanay-Pineda\models\UserLevels.php
D:\Projects\Gov-Lilia-Nanay-Pineda\models\UserLevelsAdd.php
D:\Projects\Gov-Lilia-Nanay-Pineda\models\UserLevelsDelete.php
D:\Projects\Gov-Lilia-Nanay-Pineda\models\UserLevelsEdit.php
D:\Projects\Gov-Lilia-Nanay-Pineda\models\UserLevelsList.php
D:\Projects\Gov-Lilia-Nanay-Pineda\models\UserLevelsView.php
D:\Projects\Gov-Lilia-Nanay-Pineda\models\UserPermissions.php
D:\Projects\Gov-Lilia-Nanay-Pineda\models\UserPermissionsAdd.php
D:\Projects\Gov-Lilia-Nanay-Pineda\models\UserPermissionsDelete.php
D:\Projects\Gov-Lilia-Nanay-Pineda\models\UserPermissionsEdit.php
D:\Projects\Gov-Lilia-Nanay-Pineda\models\UserPermissionsList.php
D:\Projects\Gov-Lilia-Nanay-Pineda\models\UserPermissionsView.php
D:\Projects\Gov-Lilia-Nanay-Pineda\models\Userpriv.php
D:\Projects\Gov-Lilia-Nanay-Pineda\models\Users.php
D:\Projects\Gov-Lilia-Nanay-Pineda\models\UsersAdd.php
D:\Projects\Gov-Lilia-Nanay-Pineda\models\UsersDelete.php
D:\Projects\Gov-Lilia-Nanay-Pineda\models\UsersEdit.php
D:\Projects\Gov-Lilia-Nanay-Pineda\models\UsersList.php
D:\Projects\Gov-Lilia-Nanay-Pineda\models\UsersView.php
D:\Projects\Gov-Lilia-Nanay-Pineda\package.json
D:\Projects\Gov-Lilia-Nanay-Pineda\src\AbstractController.php
D:\Projects\Gov-Lilia-Nanay-Pineda\src\AbstractEntity.php
D:\Projects\Gov-Lilia-Nanay-Pineda\src\AbstractExport.php
D:\Projects\Gov-Lilia-Nanay-Pineda\src\AbstractExportBase.php
D:\Projects\Gov-Lilia-Nanay-Pineda\src\AbstractTwoFactorAuthentication.php
D:\Projects\Gov-Lilia-Nanay-Pineda\src\AdvancedFilter.php
D:\Projects\Gov-Lilia-Nanay-Pineda\src\AdvancedSearch.php
D:\Projects\Gov-Lilia-Nanay-Pineda\src\AdvancedSecurity.php
D:\Projects\Gov-Lilia-Nanay-Pineda\src\Allow.php
D:\Projects\Gov-Lilia-Nanay-Pineda\src\ApiActionEvent.php
D:\Projects\Gov-Lilia-Nanay-Pineda\src\ApiPermissionMiddleware.php
D:\Projects\Gov-Lilia-Nanay-Pineda\src\Attributes.php
D:\Projects\Gov-Lilia-Nanay-Pineda\src\Attributes\Delete.php
D:\Projects\Gov-Lilia-Nanay-Pineda\src\Attributes\Get.php
D:\Projects\Gov-Lilia-Nanay-Pineda\src\Attributes\Map.php
D:\Projects\Gov-Lilia-Nanay-Pineda\src\Attributes\Options.php
D:\Projects\Gov-Lilia-Nanay-Pineda\src\Attributes\Patch.php
D:\Projects\Gov-Lilia-Nanay-Pineda\src\Attributes\Post.php
D:\Projects\Gov-Lilia-Nanay-Pineda\src\Attributes\Put.php
D:\Projects\Gov-Lilia-Nanay-Pineda\src\AuditTrailHandler.php
D:\Projects\Gov-Lilia-Nanay-Pineda\src\AzureAD.php
D:\Projects\Gov-Lilia-Nanay-Pineda\src\BasicSearch.php
D:\Projects\Gov-Lilia-Nanay-Pineda\src\Breadcrumb.php
D:\Projects\Gov-Lilia-Nanay-Pineda\src\BytesType.php
D:\Projects\Gov-Lilia-Nanay-Pineda\src\CaptchaBase.php
D:\Projects\Gov-Lilia-Nanay-Pineda\src\CaptchaInterface.php
D:\Projects\Gov-Lilia-Nanay-Pineda\src\ChartExporter.php
D:\Projects\Gov-Lilia-Nanay-Pineda\src\ChartJsRenderer.php
D:\Projects\Gov-Lilia-Nanay-Pineda\src\ChartRendererInterface.php
D:\Projects\Gov-Lilia-Nanay-Pineda\src\ChartTypes.php
D:\Projects\Gov-Lilia-Nanay-Pineda\src\ConfigurationEvent.php
D:\Projects\Gov-Lilia-Nanay-Pineda\src\ContainerBuildEvent.php
D:\Projects\Gov-Lilia-Nanay-Pineda\src\CorsMiddleware.php
D:\Projects\Gov-Lilia-Nanay-Pineda\src\CrosstabColumn.php
D:\Projects\Gov-Lilia-Nanay-Pineda\src\CrosstabTable.php
D:\Projects\Gov-Lilia-Nanay-Pineda\src\CustomUploadHandler.php
D:\Projects\Gov-Lilia-Nanay-Pineda\src\DataType.php
D:\Projects\Gov-Lilia-Nanay-Pineda\src\DatabaseConnectedEvent.php
D:\Projects\Gov-Lilia-Nanay-Pineda\src\DatabaseConnectingEvent.php
D:\Projects\Gov-Lilia-Nanay-Pineda\src\DbChart.php
D:\Projects\Gov-Lilia-Nanay-Pineda\src\DbField.php
D:\Projects\Gov-Lilia-Nanay-Pineda\src\DbTable.php
D:\Projects\Gov-Lilia-Nanay-Pineda\src\DbTableBase.php
D:\Projects\Gov-Lilia-Nanay-Pineda\src\DebugSqlLogger.php
D:\Projects\Gov-Lilia-Nanay-Pineda\src\Email.php
D:\Projects\Gov-Lilia-Nanay-Pineda\src\EmailTwoFactorAuthentication.php
D:\Projects\Gov-Lilia-Nanay-Pineda\src\EntityDescriptor.php
D:\Projects\Gov-Lilia-Nanay-Pineda\src\Entity\Category.php
D:\Projects\Gov-Lilia-Nanay-Pineda\src\Entity\PoliticalJourney.php
D:\Projects\Gov-Lilia-Nanay-Pineda\src\Entity\Project.php
D:\Projects\Gov-Lilia-Nanay-Pineda\src\Entity\ProjectStat.php
D:\Projects\Gov-Lilia-Nanay-Pineda\src\Entity\User.php
D:\Projects\Gov-Lilia-Nanay-Pineda\src\Entity\UserLevel.php
D:\Projects\Gov-Lilia-Nanay-Pineda\src\Entity\UserPermission.php
D:\Projects\Gov-Lilia-Nanay-Pineda\src\ExportCsv.php
D:\Projects\Gov-Lilia-Nanay-Pineda\src\ExportEmail.php
D:\Projects\Gov-Lilia-Nanay-Pineda\src\ExportExcel.php
D:\Projects\Gov-Lilia-Nanay-Pineda\src\ExportHandler.php
D:\Projects\Gov-Lilia-Nanay-Pineda\src\ExportHtml.php
D:\Projects\Gov-Lilia-Nanay-Pineda\src\ExportJson.php
D:\Projects\Gov-Lilia-Nanay-Pineda\src\ExportPdf.php
D:\Projects\Gov-Lilia-Nanay-Pineda\src\ExportWord.php
D:\Projects\Gov-Lilia-Nanay-Pineda\src\ExportXml.php
D:\Projects\Gov-Lilia-Nanay-Pineda\src\FileUploadHandler.php
D:\Projects\Gov-Lilia-Nanay-Pineda\src\FileViewer.php
D:\Projects\Gov-Lilia-Nanay-Pineda\src\ForceLogoutUserAction.php
D:\Projects\Gov-Lilia-Nanay-Pineda\src\GeographyType.php
D:\Projects\Gov-Lilia-Nanay-Pineda\src\GeometryType.php
D:\Projects\Gov-Lilia-Nanay-Pineda\src\HierarchyIdType.php
D:\Projects\Gov-Lilia-Nanay-Pineda\src\HttpErrorHandler.php
D:\Projects\Gov-Lilia-Nanay-Pineda\src\HttpForm.php
D:\Projects\Gov-Lilia-Nanay-Pineda\src\HttpServiceUnavailableException.php
D:\Projects\Gov-Lilia-Nanay-Pineda\src\HttpSession.php
D:\Projects\Gov-Lilia-Nanay-Pineda\src\HttpUpload.php
D:\Projects\Gov-Lilia-Nanay-Pineda\src\JwtMiddleware.php
D:\Projects\Gov-Lilia-Nanay-Pineda\src\Language.php
D:\Projects\Gov-Lilia-Nanay-Pineda\src\LanguageLoadEvent.php
D:\Projects\Gov-Lilia-Nanay-Pineda\src\LaravelSessionMiddleware.php
D:\Projects\Gov-Lilia-Nanay-Pineda\src\LdapConn.php
D:\Projects\Gov-Lilia-Nanay-Pineda\src\ListAction.php
D:\Projects\Gov-Lilia-Nanay-Pineda\src\ListActions.php
D:\Projects\Gov-Lilia-Nanay-Pineda\src\ListOption.php
D:\Projects\Gov-Lilia-Nanay-Pineda\src\ListOptions.php
D:\Projects\Gov-Lilia-Nanay-Pineda\src\ListOptionsArray.php
D:\Projects\Gov-Lilia-Nanay-Pineda\src\LoginStatusEvent.php
D:\Projects\Gov-Lilia-Nanay-Pineda\src\Lookup.php
D:\Projects\Gov-Lilia-Nanay-Pineda\src\MaintenanceMiddleware.php
D:\Projects\Gov-Lilia-Nanay-Pineda\src\Menu.php
D:\Projects\Gov-Lilia-Nanay-Pineda\src\MenuItem.php
D:\Projects\Gov-Lilia-Nanay-Pineda\src\MenuItemAddingEvent.php
D:\Projects\Gov-Lilia-Nanay-Pineda\src\MenuRenderedEvent.php
D:\Projects\Gov-Lilia-Nanay-Pineda\src\MenuRenderingEvent.php
D:\Projects\Gov-Lilia-Nanay-Pineda\src\MessagesTrait.php
D:\Projects\Gov-Lilia-Nanay-Pineda\src\NumericPager.php
D:\Projects\Gov-Lilia-Nanay-Pineda\src\OptionValues.php
D:\Projects\Gov-Lilia-Nanay-Pineda\src\PageLoadingEvent.php
D:\Projects\Gov-Lilia-Nanay-Pineda\src\PageRenderingEvent.php
D:\Projects\Gov-Lilia-Nanay-Pineda\src\PageUnloadedEvent.php
D:\Projects\Gov-Lilia-Nanay-Pineda\src\Pager.php
D:\Projects\Gov-Lilia-Nanay-Pineda\src\PagerItem.php
D:\Projects\Gov-Lilia-Nanay-Pineda\src\PasswordHash.php
D:\Projects\Gov-Lilia-Nanay-Pineda\src\PermissionMiddleware.php
D:\Projects\Gov-Lilia-Nanay-Pineda\src\PhpEncryption.php
D:\Projects\Gov-Lilia-Nanay-Pineda\src\PragmaRxTwoFactorAuthentication.php
D:\Projects\Gov-Lilia-Nanay-Pineda\src\PrevNextPager.php
D:\Projects\Gov-Lilia-Nanay-Pineda\src\PushNotification.php
D:\Projects\Gov-Lilia-Nanay-Pineda\src\ReportField.php
D:\Projects\Gov-Lilia-Nanay-Pineda\src\ReportTable.php
D:\Projects\Gov-Lilia-Nanay-Pineda\src\ResendRegisterEmailAction.php
D:\Projects\Gov-Lilia-Nanay-Pineda\src\ResetConcurrentUserAction.php
D:\Projects\Gov-Lilia-Nanay-Pineda\src\ResetLoginRetryAction.php
D:\Projects\Gov-Lilia-Nanay-Pineda\src\ResetUserSecretAction.php
D:\Projects\Gov-Lilia-Nanay-Pineda\src\RouteActionEvent.php
D:\Projects\Gov-Lilia-Nanay-Pineda\src\RouteAttributes.php
D:\Projects\Gov-Lilia-Nanay-Pineda\src\RowSummary.php
D:\Projects\Gov-Lilia-Nanay-Pineda\src\RowTotal.php
D:\Projects\Gov-Lilia-Nanay-Pineda\src\RowType.php
D:\Projects\Gov-Lilia-Nanay-Pineda\src\Saml2.php
D:\Projects\Gov-Lilia-Nanay-Pineda\src\SessionHandler.php
D:\Projects\Gov-Lilia-Nanay-Pineda\src\SetPasswordExpiredAction.php
D:\Projects\Gov-Lilia-Nanay-Pineda\src\Sms.php
D:\Projects\Gov-Lilia-Nanay-Pineda\src\SmsTwoFactorAuthentication.php
D:\Projects\Gov-Lilia-Nanay-Pineda\src\SsoStateSessionStore.php
D:\Projects\Gov-Lilia-Nanay-Pineda\src\SubPage.php
D:\Projects\Gov-Lilia-Nanay-Pineda\src\SubPages.php
D:\Projects\Gov-Lilia-Nanay-Pineda\src\SummaryField.php
D:\Projects\Gov-Lilia-Nanay-Pineda\src\Timer.php
D:\Projects\Gov-Lilia-Nanay-Pineda\src\TwoFactorAuthenticationInterface.php
D:\Projects\Gov-Lilia-Nanay-Pineda\src\UploadHandler.php
D:\Projects\Gov-Lilia-Nanay-Pineda\src\UserProfile.php
D:\Projects\Gov-Lilia-Nanay-Pineda\src\XmlDocument.php
D:\Projects\Gov-Lilia-Nanay-Pineda\src\apiroutes.php
D:\Projects\Gov-Lilia-Nanay-Pineda\src\config.development.php
D:\Projects\Gov-Lilia-Nanay-Pineda\src\config.php
D:\Projects\Gov-Lilia-Nanay-Pineda\src\config.production.php
D:\Projects\Gov-Lilia-Nanay-Pineda\src\constants.php
D:\Projects\Gov-Lilia-Nanay-Pineda\src\definitions.php
D:\Projects\Gov-Lilia-Nanay-Pineda\src\phpfn.php
D:\Projects\Gov-Lilia-Nanay-Pineda\src\routes.php
D:\Projects\Gov-Lilia-Nanay-Pineda\src\userfn.php
D:\Projects\Gov-Lilia-Nanay-Pineda\src\userlevelsettings.php
D:\Projects\Gov-Lilia-Nanay-Pineda\views\CategoriesAdd.php
D:\Projects\Gov-Lilia-Nanay-Pineda\views\CategoriesDelete.php
D:\Projects\Gov-Lilia-Nanay-Pineda\views\CategoriesEdit.php
D:\Projects\Gov-Lilia-Nanay-Pineda\views\CategoriesList.php
D:\Projects\Gov-Lilia-Nanay-Pineda\views\CategoriesView.php
D:\Projects\Gov-Lilia-Nanay-Pineda\views\Error.php
D:\Projects\Gov-Lilia-Nanay-Pineda\views\Login.php
D:\Projects\Gov-Lilia-Nanay-Pineda\views\PersonalData.php
D:\Projects\Gov-Lilia-Nanay-Pineda\views\PoliticalJourneyAdd.php
D:\Projects\Gov-Lilia-Nanay-Pineda\views\PoliticalJourneyDelete.php
D:\Projects\Gov-Lilia-Nanay-Pineda\views\PoliticalJourneyEdit.php
D:\Projects\Gov-Lilia-Nanay-Pineda\views\PoliticalJourneyList.php
D:\Projects\Gov-Lilia-Nanay-Pineda\views\PoliticalJourneyView.php
D:\Projects\Gov-Lilia-Nanay-Pineda\views\ProjectStatsAdd.php
D:\Projects\Gov-Lilia-Nanay-Pineda\views\ProjectStatsDelete.php
D:\Projects\Gov-Lilia-Nanay-Pineda\views\ProjectStatsEdit.php
D:\Projects\Gov-Lilia-Nanay-Pineda\views\ProjectStatsList.php
D:\Projects\Gov-Lilia-Nanay-Pineda\views\ProjectStatsView.php
D:\Projects\Gov-Lilia-Nanay-Pineda\views\ProjectsAdd.php
D:\Projects\Gov-Lilia-Nanay-Pineda\views\ProjectsDelete.php
D:\Projects\Gov-Lilia-Nanay-Pineda\views\ProjectsEdit.php
D:\Projects\Gov-Lilia-Nanay-Pineda\views\ProjectsList.php
D:\Projects\Gov-Lilia-Nanay-Pineda\views\ProjectsView.php
D:\Projects\Gov-Lilia-Nanay-Pineda\views\UserLevelsAdd.php
D:\Projects\Gov-Lilia-Nanay-Pineda\views\UserLevelsDelete.php
D:\Projects\Gov-Lilia-Nanay-Pineda\views\UserLevelsEdit.php
D:\Projects\Gov-Lilia-Nanay-Pineda\views\UserLevelsList.php
D:\Projects\Gov-Lilia-Nanay-Pineda\views\UserLevelsView.php
D:\Projects\Gov-Lilia-Nanay-Pineda\views\UserPermissionsAdd.php
D:\Projects\Gov-Lilia-Nanay-Pineda\views\UserPermissionsDelete.php
D:\Projects\Gov-Lilia-Nanay-Pineda\views\UserPermissionsEdit.php
D:\Projects\Gov-Lilia-Nanay-Pineda\views\UserPermissionsList.php
D:\Projects\Gov-Lilia-Nanay-Pineda\views\UserPermissionsView.php
D:\Projects\Gov-Lilia-Nanay-Pineda\views\Userpriv.php
D:\Projects\Gov-Lilia-Nanay-Pineda\views\UsersAdd.php
D:\Projects\Gov-Lilia-Nanay-Pineda\views\UsersDelete.php
D:\Projects\Gov-Lilia-Nanay-Pineda\views\UsersEdit.php
D:\Projects\Gov-Lilia-Nanay-Pineda\views\UsersList.php
D:\Projects\Gov-Lilia-Nanay-Pineda\views\UsersView.php
D:\Projects\Gov-Lilia-Nanay-Pineda\views\email.php
D:\Projects\Gov-Lilia-Nanay-Pineda\views\layout.php
D:\Projects\Gov-Lilia-Nanay-Pineda\views\menu.php
D:\Projects\Gov-Lilia-Nanay-Pineda\views\swagger.php
D:\Projects\Gov-Lilia-Nanay-Pineda\web.config